  optimizer.cpp
D:\optimizer\ConsoleApplication1\analyser.h(89,21): warning C4018: “<”: 有符号/无符号不匹配
D:\optimizer\ConsoleApplication1\analyser.h(300,31): warning C4018: “<”: 有符号/无符号不匹配
D:\optimizer\ConsoleApplication1\analyser.h(338,33): warning C4018: “<”: 有符号/无符号不匹配
D:\optimizer\ConsoleApplication1\analyser.h(369,31): warning C4018: “<”: 有符号/无符号不匹配
D:\optimizer\ConsoleApplication1\analyser.h(399,31): warning C4018: “<”: 有符号/无符号不匹配
D:\optimizer\ConsoleApplication1\schedule.h(119,20): warning C4018: “<”: 有符号/无符号不匹配
D:\optimizer\ConsoleApplication1\schedule.h(151,20): warning C4018: “<”: 有符号/无符号不匹配
D:\optimizer\ConsoleApplication1\schedule.h(283,6): warning C4101: “pos”: 未引用的局部变量
D:\optimizer\ConsoleApplication1\Topo_relative.h(166,36): warning C4244: “=”: 从“__int64”转换到“int”，可能丢失数据
D:\optimizer\ConsoleApplication1\Topo_relative.h(203,19): warning C4244: “=”: 从“__int64”转换到“int”，可能丢失数据
D:\optimizer\ConsoleApplication1\Topo_relative.h(205,34): warning C4244: “=”: 从“__int64”转换到“int”，可能丢失数据
D:\optimizer\ConsoleApplication1\Topo_relative.h(307,36): warning C4244: “=”: 从“__int64”转换到“int”，可能丢失数据
D:\optimizer\ConsoleApplication1\Topo_relative.h(344,19): warning C4244: “=”: 从“__int64”转换到“int”，可能丢失数据
D:\optimizer\ConsoleApplication1\Topo_relative.h(346,34): warning C4244: “=”: 从“__int64”转换到“int”，可能丢失数据
D:\optimizer\ConsoleApplication1\Topo_relative.h(449,36): warning C4244: “=”: 从“__int64”转换到“int”，可能丢失数据
D:\optimizer\ConsoleApplication1\Topo_relative.h(486,19): warning C4244: “=”: 从“__int64”转换到“int”，可能丢失数据
D:\optimizer\ConsoleApplication1\Topo_relative.h(488,34): warning C4244: “=”: 从“__int64”转换到“int”，可能丢失数据
D:\optimizer\ConsoleApplication1\Topo_relative.h(538,20): warning C4018: “<”: 有符号/无符号不匹配
D:\optimizer\ConsoleApplication1\Topo_relative.h(574,21): warning C4018: “<”: 有符号/无符号不匹配
D:\optimizer\ConsoleApplication1\Topo_relative.h(641,34): warning C4244: “=”: 从“__int64”转换到“int”，可能丢失数据
D:\optimizer\ConsoleApplication1\Topo_relative.h(1145,1): warning C4010: 单行注释包含行继续符
D:\optimizer\ConsoleApplication1\Topo_relative.h(1146,1): warning C4010: 单行注释包含行继续符
  正在生成代码
  233 of 912 functions (25.5%) were compiled, the rest were copied from previous compilation.
    6 functions were new in current compilation
    41 functions had inline decision re-evaluated but remain unchanged
  已完成代码的生成
  ConsoleApplication1.vcxproj -> D:\optimizer\Release\ConsoleApplication1.exe
